[02-Apr-2025 15:27:07 Europe/Berlin] PHP Warning:  Undefined array key "REQUEST_METHOD" in C:\xampp\htdocs\gyak\sc_oop\app\Routing\Router.php on line 11
[02-Apr-2025 15:27:29 Europe/Berlin] PHP Warning:  Undefined array key "REQUEST_METHOD" in C:\xampp\htdocs\gyak\sc_oop\app\Routing\Router.php on line 11
[09-Apr-2025 14:12:45 Europe/Berlin] SQLSTATE[42S22]: Column not found: 1054 Unknown column 'name' in 'order clause'
[09-Apr-2025 15:42:19 Europe/Berlin] SQLSTATE[42000]: Syntax error or access violation: 1103 Incorrect table name ''
[09-Apr-2025 15:42:29 Europe/Berlin] SQLSTATE[42000]: Syntax error or access violation: 1103 Incorrect table name ''
[09-Apr-2025 15:43:46 Europe/Berlin] SQLSTATE[42000]: Syntax error or access violation: 1103 Incorrect table name ''
[29-Apr-2025 15:00:32 Europe/Berlin] SQLSTATE[42000]: Syntax error or access violation: 1103 Incorrect table name ''
[29-Apr-2025 15:08:01 Europe/Berlin] PHP Warning:  Undefined variable $classes in C:\xampp\htdocs\gyak\sc_oop\app\Views\classes\edit.php on line 6
[29-Apr-2025 15:08:01 Europe/Berlin] PHP Warning:  Attempt to read property "id" on null in C:\xampp\htdocs\gyak\sc_oop\app\Views\classes\edit.php on line 6
[29-Apr-2025 15:08:01 Europe/Berlin] PHP Warning:  Undefined variable $classes in C:\xampp\htdocs\gyak\sc_oop\app\Views\classes\edit.php on line 9
[29-Apr-2025 15:08:01 Europe/Berlin] PHP Warning:  Attempt to read property "code" on null in C:\xampp\htdocs\gyak\sc_oop\app\Views\classes\edit.php on line 9
[29-Apr-2025 15:08:01 Europe/Berlin] PHP Warning:  Undefined variable $classes in C:\xampp\htdocs\gyak\sc_oop\app\Views\classes\edit.php on line 10
[29-Apr-2025 15:08:01 Europe/Berlin] PHP Warning:  Attempt to read property "year" on null in C:\xampp\htdocs\gyak\sc_oop\app\Views\classes\edit.php on line 10
[29-Apr-2025 15:08:59 Europe/Berlin] PHP Warning:  Undefined variable $classes in C:\xampp\htdocs\gyak\sc_oop\app\Views\classes\edit.php on line 6
[29-Apr-2025 15:08:59 Europe/Berlin] PHP Warning:  Attempt to read property "id" on null in C:\xampp\htdocs\gyak\sc_oop\app\Views\classes\edit.php on line 6
[29-Apr-2025 15:08:59 Europe/Berlin] PHP Warning:  Undefined variable $classes in C:\xampp\htdocs\gyak\sc_oop\app\Views\classes\edit.php on line 9
[29-Apr-2025 15:08:59 Europe/Berlin] PHP Warning:  Attempt to read property "code" on null in C:\xampp\htdocs\gyak\sc_oop\app\Views\classes\edit.php on line 9
[29-Apr-2025 15:08:59 Europe/Berlin] PHP Warning:  Undefined variable $classes in C:\xampp\htdocs\gyak\sc_oop\app\Views\classes\edit.php on line 10
[29-Apr-2025 15:08:59 Europe/Berlin] PHP Warning:  Attempt to read property "year" on null in C:\xampp\htdocs\gyak\sc_oop\app\Views\classes\edit.php on line 10
[29-Apr-2025 15:21:34 Europe/Berlin] SQLSTATE[42000]: Syntax error or access violation: 1103 Incorrect table name ''
